[2025-10-21T07:08:17.917Z] [DEBUG] [PERPLEXITY_STREAMING] Starting async generator: perplexityRedChamberQAStreaming
DATA: {
  "functionName": "perplexityRedChamberQAStreaming",
  "inputType": "object",
  "inputKeys": [
    "userQuestion",
    "modelKey",
    "reasoningEffort",
    "questionContext",
    "enableStreaming",
    "includeDetailedCitations",
    "showThinkingProcess",
    "temperature",
    "maxTokens",
    "selectedText",
    "chapterContext",
    "currentChapter"
  ],
  "hasAsyncIterator": false
}
[2025-10-21T07:08:17.924Z] [DEBUG] [PERPLEXITY_STREAMING] Function entry point reached
DATA: {
  "inputType": "object",
  "inputKeys": [
    "userQuestion",
    "modelKey",
    "reasoningEffort",
    "questionContext",
    "enableStreaming",
    "includeDetailedCitations",
    "showThinkingProcess",
    "temperature",
    "maxTokens",
    "selectedText",
    "chapterContext",
    "currentChapter"
  ],
  "userQuestionLength": 114,
  "enableStreaming": true
}
[2025-10-21T07:08:17.933Z] [DEBUG] [PERPLEXITY_STREAMING] Getting Perplexity client
[2025-10-21T07:08:17.937Z] [DEBUG] [PERPLEXITY_STREAMING] Client obtained
DATA: {
  "clientType": "object",
  "clientConstructor": "PerplexityClient",
  "hasStreamingMethod": true
}
[2025-10-21T07:08:18.234Z] [DEBUG] [PERPLEXITY_STREAMING] Calling client.streamingCompletionRequest
DATA: {
  "processedInputType": "object",
  "processedInputKeys": [
    "userQuestion",
    "modelKey",
    "reasoningEffort",
    "questionContext",
    "enableStreaming",
    "includeDetailedCitations",
    "showThinkingProcess",
    "temperature",
    "maxTokens",
    "selectedText",
    "chapterContext",
    "currentChapter"
  ]
}
[2025-10-21T07:08:18.426Z] [DEBUG] [PERPLEXITY_STREAMING] Stream generator created
DATA: {
  "generatorType": "object",
  "generatorConstructor": "",
  "hasAsyncIterator": true
}
[2025-10-21T07:08:18.430Z] [DEBUG] [PERPLEXITY_STREAMING] Starting for-await loop on: client.streamingCompletionRequest
DATA: {
  "iterableSource": "client.streamingCompletionRequest",
  "iterableType": "object",
  "hasAsyncIterator": true,
  "hasIterator": false,
  "constructorName": ""
}
[2025-10-21T07:08:18.523Z] [DEBUG] [PERPLEXITY_CLIENT] PerplexityClient.streamingCompletionRequest called
DATA: {
  "inputType": "object",
  "userQuestionLength": 114,
  "enableStreaming": true
}
[2025-10-21T07:08:18.527Z] [DEBUG] [PERPLEXITY_CLIENT] Making HTTP request to Perplexity API
DATA: {
  "endpoint": "/chat/completions",
  "requestDataKeys": [
    "model",
    "temperature",
    "max_tokens",
    "stream",
    "reasoning_effort",
    "messages"
  ],
  "model": "sonar-reasoning",
  "stream": true
}
[2025-10-21T07:08:23.636Z] [DEBUG] [PERPLEXITY_CLIENT] Received HTTP response
DATA: {
  "statusCode": 200,
  "statusText": "OK",
  "dataType": "object",
  "dataConstructor": "IncomingMessage"
}
[2025-10-21T07:08:23.639Z] [DEBUG] [PERPLEXITY_CLIENT] Starting for-await loop on: this.parseStreamingResponse(stream)
DATA: {
  "iterableSource": "this.parseStreamingResponse(stream)",
  "iterableType": "object",
  "hasAsyncIterator": true,
  "hasIterator": false,
  "constructorName": ""
}
