[2025-10-22T02:31:32.387Z] [DEBUG] [PERPLEXITY_STREAMING] Starting async generator: perplexityRedChamberQAStreaming
DATA: {
  "functionName": "perplexityRedChamberQAStreaming",
  "inputType": "object",
  "inputKeys": [
    "userQuestion",
    "modelKey",
    "reasoningEffort",
    "questionContext",
    "enableStreaming",
    "includeDetailedCitations",
    "showThinkingProcess",
    "temperature",
    "maxTokens",
    "selectedText",
    "chapterContext",
    "currentChapter"
  ],
  "hasAsyncIterator": false
}
[2025-10-22T02:31:32.584Z] [DEBUG] [PERPLEXITY_STREAMING] Function entry point reached
DATA: {
  "inputType": "object",
  "inputKeys": [
    "userQuestion",
    "modelKey",
    "reasoningEffort",
    "questionContext",
    "enableStreaming",
    "includeDetailedCitations",
    "showThinkingProcess",
    "temperature",
    "maxTokens",
    "selectedText",
    "chapterContext",
    "currentChapter"
  ],
  "userQuestionLength": 11,
  "enableStreaming": true
}
[2025-10-22T02:31:32.589Z] [DEBUG] [PERPLEXITY_STREAMING] Getting Perplexity client
[2025-10-22T02:31:32.594Z] [DEBUG] [PERPLEXITY_STREAMING] Client obtained
DATA: {
  "clientType": "object",
  "clientConstructor": "PerplexityClient",
  "hasStreamingMethod": true
}
[2025-10-22T02:31:32.596Z] [DEBUG] [PERPLEXITY_STREAMING] Calling client.streamingCompletionRequest
DATA: {
  "processedInputType": "object",
  "processedInputKeys": [
    "userQuestion",
    "modelKey",
    "reasoningEffort",
    "questionContext",
    "enableStreaming",
    "includeDetailedCitations",
    "showThinkingProcess",
    "temperature",
    "maxTokens",
    "selectedText",
    "chapterContext",
    "currentChapter"
  ]
}
[2025-10-22T02:31:32.599Z] [DEBUG] [PERPLEXITY_STREAMING] Stream generator created
DATA: {
  "generatorType": "object",
  "generatorConstructor": "",
  "hasAsyncIterator": true
}
[2025-10-22T02:31:32.605Z] [DEBUG] [PERPLEXITY_STREAMING] Starting for-await loop on: client.streamingCompletionRequest
DATA: {
  "iterableSource": "client.streamingCompletionRequest",
  "iterableType": "object",
  "hasAsyncIterator": true,
  "hasIterator": false,
  "constructorName": ""
}
[2025-10-22T02:31:32.606Z] [DEBUG] [PERPLEXITY_CLIENT] PerplexityClient.streamingCompletionRequest called
DATA: {
  "inputType": "object",
  "userQuestionLength": 11,
  "enableStreaming": true
}
[2025-10-22T02:31:32.608Z] [DEBUG] [PERPLEXITY_CLIENT] Making HTTP request to Perplexity API
DATA: {
  "endpoint": "/chat/completions",
  "requestDataKeys": [
    "model",
    "temperature",
    "max_tokens",
    "stream",
    "reasoning_effort",
    "messages"
  ],
  "model": "sonar-reasoning",
  "stream": true
}
[2025-10-22T02:31:34.626Z] [DEBUG] [PERPLEXITY_CLIENT] Received HTTP response
DATA: {
  "statusCode": 200,
  "statusText": "OK",
  "dataType": "object",
  "dataConstructor": "IncomingMessage"
}
[2025-10-22T02:31:34.629Z] [DEBUG] [PERPLEXITY_CLIENT] Starting for-await loop on: this.parseStreamingResponse(stream)
DATA: {
  "iterableSource": "this.parseStreamingResponse(stream)",
  "iterableType": "object",
  "hasAsyncIterator": true,
  "hasIterator": false,
  "constructorName": ""
}
[2025-10-22T07:34:01.220Z] [DEBUG] [PERPLEXITY_STREAMING] Starting async generator: perplexityRedChamberQAStreaming
DATA: {
  "functionName": "perplexityRedChamberQAStreaming",
  "inputType": "object",
  "inputKeys": [
    "userQuestion",
    "modelKey",
    "reasoningEffort",
    "questionContext",
    "enableStreaming",
    "includeDetailedCitations",
    "showThinkingProcess",
    "temperature",
    "maxTokens",
    "selectedText",
    "chapterContext",
    "currentChapter"
  ],
  "hasAsyncIterator": false
}
[2025-10-22T07:34:01.239Z] [DEBUG] [PERPLEXITY_STREAMING] Function entry point reached
DATA: {
  "inputType": "object",
  "inputKeys": [
    "userQuestion",
    "modelKey",
    "reasoningEffort",
    "questionContext",
    "enableStreaming",
    "includeDetailedCitations",
    "showThinkingProcess",
    "temperature",
    "maxTokens",
    "selectedText",
    "chapterContext",
    "currentChapter"
  ],
  "userQuestionLength": 2,
  "enableStreaming": true
}
[2025-10-22T07:34:01.240Z] [DEBUG] [PERPLEXITY_STREAMING] Getting Perplexity client
[2025-10-22T07:34:01.242Z] [DEBUG] [PERPLEXITY_STREAMING] Client obtained
DATA: {
  "clientType": "object",
  "clientConstructor": "PerplexityClient",
  "hasStreamingMethod": true
}
[2025-10-22T07:34:01.243Z] [DEBUG] [PERPLEXITY_STREAMING] Calling client.streamingCompletionRequest
DATA: {
  "processedInputType": "object",
  "processedInputKeys": [
    "userQuestion",
    "modelKey",
    "reasoningEffort",
    "questionContext",
    "enableStreaming",
    "includeDetailedCitations",
    "showThinkingProcess",
    "temperature",
    "maxTokens",
    "selectedText",
    "chapterContext",
    "currentChapter"
  ]
}
[2025-10-22T07:34:01.245Z] [DEBUG] [PERPLEXITY_STREAMING] Stream generator created
DATA: {
  "generatorType": "object",
  "generatorConstructor": "",
  "hasAsyncIterator": true
}
[2025-10-22T07:34:01.249Z] [DEBUG] [PERPLEXITY_STREAMING] Starting for-await loop on: client.streamingCompletionRequest
DATA: {
  "iterableSource": "client.streamingCompletionRequest",
  "iterableType": "object",
  "hasAsyncIterator": true,
  "hasIterator": false,
  "constructorName": ""
}
[2025-10-22T07:34:01.253Z] [DEBUG] [PERPLEXITY_CLIENT] PerplexityClient.streamingCompletionRequest called
DATA: {
  "inputType": "object",
  "userQuestionLength": 2,
  "enableStreaming": true
}
[2025-10-22T07:34:01.254Z] [DEBUG] [PERPLEXITY_CLIENT] Making HTTP request to Perplexity API
DATA: {
  "endpoint": "/chat/completions",
  "requestDataKeys": [
    "model",
    "temperature",
    "max_tokens",
    "stream",
    "reasoning_effort",
    "messages"
  ],
  "model": "sonar-reasoning",
  "stream": true
}
[2025-10-22T07:34:03.066Z] [DEBUG] [PERPLEXITY_CLIENT] Received HTTP response
DATA: {
  "statusCode": 200,
  "statusText": "OK",
  "dataType": "object",
  "dataConstructor": "IncomingMessage"
}
[2025-10-22T07:34:03.069Z] [DEBUG] [PERPLEXITY_CLIENT] Starting for-await loop on: this.parseStreamingResponse(stream)
DATA: {
  "iterableSource": "this.parseStreamingResponse(stream)",
  "iterableType": "object",
  "hasAsyncIterator": true,
  "hasIterator": false,
  "constructorName": ""
}
